#
# There is insufficient memory for the Java Runtime Environment to continue.
# Native memory allocation (mmap) failed to map 130023424 bytes for G1 virtual space
# Possible reasons:
#   The system is out of physical RAM or swap space
#   The process is running with CompressedOops enabled, and the Java Heap may be blocking the growth of the native heap
# Possible solutions:
#   Reduce memory load on the system
#   Increase physical memory or swap space
#   Check if swap backing store is full
#   Decrease Java heap size (-Xmx/-Xms)
#   Decrease number of Java threads
#   Decrease Java thread stack sizes (-Xss)
#   Set larger code cache with -XX:ReservedCodeCacheSize=
#   JVM is running with Unscaled Compressed Oops mode in which the Java heap is
#     placed in the first 4GB address space. The Java Heap base address is the
#     maximum limit for the native heap growth. Please use -XX:HeapBaseMinAddress
#     to set the Java Heap base and to place the Java Heap above 4GB virtual address.
# This output file may be truncated or incomplete.
#
#  Out of Memory Error (os_windows.cpp:3527), pid=6740, tid=6220
#
# JRE version:  (19.0+36) (build )
# Java VM: Java HotSpot(TM) 64-Bit Server VM (19+36-2238, mixed mode, sharing, tiered, compressed oops, compressed class ptrs, g1 gc, windows-amd64)
# No core dump will be written. Minidumps are not enabled by default on client versions of Windows
#

---------------  S U M M A R Y ------------

Command Line: -Dfile.encoding=UTF-8 --module-path=D:\Netbeans-15 Projects\PharmacyHandling\build\classes PharmacyDashboard

Host: 11th Gen Intel(R) Core(TM) i3-1125G4 @ 2.00GHz, 8 cores, 7G,  Windows 11 , 64 bit Build 22000 (10.0.22000.1516)
Time: Wed Jul 19 21:54:10 2023 India Standard Time elapsed time: 0.014547 seconds (0d 0h 0m 0s)

---------------  T H R E A D  ---------------

Current thread (0x0000012d7faaf160):  JavaThread "Unknown thread" [_thread_in_vm, id=6220, stack(0x0000002c1c200000,0x0000002c1c300000)]

Stack: [0x0000002c1c200000,0x0000002c1c300000]
Native frames: (J=compiled Java code, j=interpreted, Vv=VM code, C=native code)
V  [jvm.dll+0x6ee8fa]
V  [jvm.dll+0x857a1e]
V  [jvm.dll+0x85940e]
V  [jvm.dll+0x859ac3]
V  [jvm.dll+0x28291f]
V  [jvm.dll+0x6eb6e9]
V  [jvm.dll+0x6e028a]
V  [jvm.dll+0x357136]
V  [jvm.dll+0x35eb96]
V  [jvm.dll+0x3b555e]
V  [jvm.dll+0x3b578f]
V  [jvm.dll+0x32c6ea]
V  [jvm.dll+0x32d59e]
V  [jvm.dll+0x821b20]
V  [jvm.dll+0x3c27c1]
V  [jvm.dll+0x8022f1]
V  [jvm.dll+0x44b30f]
V  [jvm.dll+0x44cc91]
C  [jli.dll+0x5287]
C  [ucrtbase.dll+0x26c0c]
C  [KERNEL32.DLL+0x155a0]
C  [ntdll.dll+0x485b]


---------------  P R O C E S S  ---------------

Threads class SMR info:
_java_thread_list=0x00007ff9a4fcd048, length=0, elements={
}

Java Threads: ( => current thread )

Other Threads:
  0x0000012d7fb0dbc0 WorkerThread "GC Thread#0" [stack: 0x0000002c1c300000,0x0000002c1c400000] [id=604]
  0x0000012d7fb1e220 ConcurrentGCThread "G1 Main Marker" [stack: 0x0000002c1c400000,0x0000002c1c500000] [id=17344]
  0x0000012d7fb1ee50 WorkerThread "G1 Conc#0" [stack: 0x0000002c1c500000,0x0000002c1c600000] [id=18272]

[error occurred during error reporting (printing all threads), id 0xc0000005, EXCEPTION_ACCESS_VIOLATION (0xc0000005) at pc=0x00007ff9a478d127]

VM state: not at safepoint (not fully initialized)

VM Mutex/Monitor currently owned by a thread:  ([mutex/lock_event])
[0x0000012d7faacdc0] Heap_lock - owner thread: 0x0000012d7faaf160

Heap address: 0x0000000084000000, size: 1984 MB, Compressed Oops mode: 32-bit

CDS archive(s) mapped at: [0x0000000000000000-0x0000000000000000-0x0000000000000000), size 0, SharedBaseAddress: 0x0000000800000000, ArchiveRelocationMode: 0.
Narrow klass base: 0x0000000000000000, Narrow klass shift: 0, Narrow klass range: 0x0

GC Precious Log:
 CardTable entry size: 512
 Card Set container configuration: InlinePtr #cards 5 size 8 Array Of Cards #cards 12 size 40 Howl #buckets 4 coarsen threshold 1843 Howl Bitmap #cards 512 size 80 coarsen threshold 460 Card regions per heap region 1 cards per card region 2048

Heap:
 garbage-first heap   total 0K, used 0K [0x0000000084000000, 0x0000000100000000)
  region size 1024K, 0 young (0K), 0 survivors (0K)

[error occurred during error reporting (printing heap information), id 0xc0000005, EXCEPTION_ACCESS_VIOLATION (0xc0000005) at pc=0x00007ff9a4b96959]

GC Heap History (0 events):
No events

Dll operation events (1 events):
Event: 0.008 Loaded shared library C:\Program Files\Java\jdk-19\bin\java.dll

Deoptimization events (0 events):
No events

Classes loaded (0 events):
No events

Classes unloaded (0 events):
No events

Classes redefined (0 events):
No events

Internal exceptions (0 events):
No events

VM Operations (0 events):
No events

Events (0 events):
No events


Dynamic libraries:
0x00007ff717690000 - 0x00007ff7176a0000 	C:\Program Files\Java\jdk-19\bin\java.exe
0x00007ffa16400000 - 0x00007ffa16609000 	C:\WINDOWS\SYSTEM32\ntdll.dll
0x00007ffa14ce0000 - 0x00007ffa14d9e000 	C:\WINDOWS\System32\KERNEL32.DLL
0x00007ffa13bd0000 - 0x00007ffa13f4c000 	C:\WINDOWS\System32\KERNELBASE.dll
0x00007ffa13ab0000 - 0x00007ffa13bc1000 	C:\WINDOWS\System32\ucrtbase.dll
0x00007ffa0fb90000 - 0x00007ffa0fba8000 	C:\Program Files\Java\jdk-19\bin\jli.dll
0x00007ff9b4bd0000 - 0x00007ff9b4beb000 	C:\Program Files\Java\jdk-19\bin\VCRUNTIME140.dll
0x00007ffa15210000 - 0x00007ffa152be000 	C:\WINDOWS\System32\ADVAPI32.dll
0x00007ffa15d30000 - 0x00007ffa15dd3000 	C:\WINDOWS\System32\msvcrt.dll
0x00007ffa15080000 - 0x00007ffa1511e000 	C:\WINDOWS\System32\sechost.dll
0x00007ffa14f60000 - 0x00007ffa15080000 	C:\WINDOWS\System32\RPCRT4.dll
0x00007ffa160d0000 - 0x00007ffa1627d000 	C:\WINDOWS\System32\USER32.dll
0x00007ffa14250000 - 0x00007ffa14276000 	C:\WINDOWS\System32\win32u.dll
0x00007ffa14cb0000 - 0x00007ffa14cd9000 	C:\WINDOWS\System32\GDI32.dll
0x00007ff9f78d0000 - 0x00007ff9f7b75000 	C:\WINDOWS\WinSxS\amd64_microsoft.windows.common-controls_6595b64144ccf1df_6.0.22000.120_none_9d947278b86cc467\COMCTL32.dll
0x00007ffa14130000 - 0x00007ffa14248000 	C:\WINDOWS\System32\gdi32full.dll
0x00007ffa13f50000 - 0x00007ffa13fed000 	C:\WINDOWS\System32\msvcp_win.dll
0x00007ffa09e00000 - 0x00007ffa09e0a000 	C:\WINDOWS\SYSTEM32\VERSION.dll
0x00007ffa16030000 - 0x00007ffa16061000 	C:\WINDOWS\System32\IMM32.DLL
0x00007ff9b4bc0000 - 0x00007ff9b4bcc000 	C:\Program Files\Java\jdk-19\bin\vcruntime140_1.dll
0x00007ff99dfb0000 - 0x00007ff99e03e000 	C:\Program Files\Java\jdk-19\bin\msvcp140.dll
0x00007ff9a4450000 - 0x00007ff9a5110000 	C:\Program Files\Java\jdk-19\bin\server\jvm.dll
0x00007ff9eeb70000 - 0x00007ff9eeb79000 	C:\WINDOWS\SYSTEM32\WSOCK32.dll
0x00007ffa098e0000 - 0x00007ffa09913000 	C:\WINDOWS\SYSTEM32\WINMM.dll
0x00007ffa15cc0000 - 0x00007ffa15d2f000 	C:\WINDOWS\System32\WS2_32.dll
0x00007ffa12990000 - 0x00007ffa129a8000 	C:\WINDOWS\SYSTEM32\kernel.appcore.dll
0x00007ff9b4700000 - 0x00007ff9b470a000 	C:\Program Files\Java\jdk-19\bin\jimage.dll
0x00007ffa11380000 - 0x00007ffa115a1000 	C:\WINDOWS\SYSTEM32\DBGHELP.DLL
0x00007ff9f20b0000 - 0x00007ff9f20e1000 	C:\WINDOWS\SYSTEM32\dbgcore.DLL
0x00007ffa13ff0000 - 0x00007ffa1406f000 	C:\WINDOWS\System32\bcryptPrimitives.dll
0x00007ff9b4b50000 - 0x00007ff9b4b76000 	C:\Program Files\Java\jdk-19\bin\java.dll

dbghelp: loaded successfully - version: 4.0.5 - missing functions: none
symbol engine: initialized successfully - sym options: 0x614 - pdb path: .;C:\Program Files\Java\jdk-19\bin;C:\WINDOWS\SYSTEM32;C:\WINDOWS\WinSxS\amd64_microsoft.windows.common-controls_6595b64144ccf1df_6.0.22000.120_none_9d947278b86cc467;C:\Program Files\Java\jdk-19\bin\server

VM Arguments:
jvm_args: -Dfile.encoding=UTF-8 --module-path=D:\Netbeans-15 Projects\PharmacyHandling\build\classes 
java_command: PharmacyDashboard
java_class_path (initial): D:\Program Files\NetBeans\NetBeans-15\netbeans\java\modules\ext\AbsoluteLayout.jar;D:\Downloads Apps\OnlineMadical Jar file\activation.jar;D:\Downloads Apps\OnlineMadical Jar file\mysql-connector-java-8.0.20.jar;D:\Downloads Apps\OnlineMadical Jar file\itext.jar;D:\Downloads Apps\OnlineMadical Jar file\jcalendar-1.3.2.jar;D:\Netbeans-15 Projects\PharmacyHandling\build\classes
Launcher Type: SUN_STANDARD

[Global flags]
     intx CICompilerCount                          = 4                                         {product} {ergonomic}
     uint ConcGCThreads                            = 2                                         {product} {ergonomic}
     uint G1ConcRefinementThreads                  = 8                                         {product} {ergonomic}
   size_t G1HeapRegionSize                         = 1048576                                   {product} {ergonomic}
    uintx GCDrainStackTargetSize                   = 64                                        {product} {ergonomic}
   size_t InitialHeapSize                          = 130023424                                 {product} {ergonomic}
   size_t MarkStackSize                            = 4194304                                   {product} {ergonomic}
   size_t MaxHeapSize                              = 2080374784                                {product} {ergonomic}
   size_t MinHeapDeltaBytes                        = 1048576                                   {product} {ergonomic}
   size_t MinHeapSize                              = 8388608                                   {product} {ergonomic}
    uintx NonNMethodCodeHeapSize                   = 5839372                                {pd product} {ergonomic}
    uintx NonProfiledCodeHeapSize                  = 122909434                              {pd product} {ergonomic}
    uintx ProfiledCodeHeapSize                     = 122909434                              {pd product} {ergonomic}
    uintx ReservedCodeCacheSize                    = 251658240                              {pd product} {ergonomic}
     bool SegmentedCodeCache                       = true                                      {product} {ergonomic}
   size_t SoftMaxHeapSize                          = 2080374784                             {manageable} {ergonomic}
     bool UseCompressedClassPointers               = true                           {product lp64_product} {ergonomic}
     bool UseCompressedOops                        = true                           {product lp64_product} {ergonomic}
     bool UseG1GC                                  = true                                      {product} {ergonomic}
     bool UseLargePagesIndividualAllocation        = false                                  {pd product} {ergonomic}

Logging:
Log output configuration:
 #0: stdout all=warning uptime,level,tags foldmultilines=false
 #1: stderr all=off uptime,level,tags foldmultilines=false

Environment Variables:
JAVA_HOME=C:\Program Files\Java\jdk-19
PATH=C:\Program Files\Common Files\Oracle\Java\javapath;C:\WINDOWS\system32;C:\WINDOWS;C:\WINDOWS\System32\Wbem;C:\WINDOWS\System32\WindowsPowerShell\v1.0\;C:\WINDOWS\System32\OpenSSH\;C:\MinGW\bin;C:\Program Files\Java\jdk-18.0.2\bin;C:\ProgramData\chocolatey\bin;C:\Program Files\nodejs;C:\Program Files\Java\jdk-19\bin;C:\Program Files\Java\jdk-19\bin;C:\Program Files\Apache Software Foundation\Tomcat 10.0\bin;C:\Users\Seeta Ram\AppData\Local\Microsoft\WindowsApps;D:\Java\IntelliJ IDEA Community Edition 2022.3.1\bin;;C:\Program Files\MongoDB\Server\6.0;C:\Program Files\nodejs;D:\Program Files\Microsoft VS Code\bin
USERNAME=Seeta Ram
OS=Windows_NT
PROCESSOR_IDENTIFIER=Intel64 Family 6 Model 140 Stepping 1, GenuineIntel
TMP=C:\Users\SEETAR~1\AppData\Local\Temp
TEMP=C:\Users\SEETAR~1\AppData\Local\Temp



---------------  S Y S T E M  ---------------

OS:
 Windows 11 , 64 bit Build 22000 (10.0.22000.1516)
OS uptime: 0 days 3:48 hours
Hyper-V role detected

CPU: total 8 (initial active 8) (4 cores per cpu, 2 threads per core) family 6 model 140 stepping 1 microcode 0x86, cx8, cmov, fxsr, ht, mmx, 3dnowpref, sse, sse2, sse3, ssse3, sse4.1, sse4.2, popcnt, lzcnt, tsc, tscinvbit, avx, avx2, aes, erms, clmul, bmi1, bmi2, adx, avx512f, avx512dq, avx512cd, avx512bw, avx512vl, sha, fma, vzeroupper, avx512_vpopcntdq, avx512_vpclmulqdq, avx512_vaes, avx512_vnni, clflush, clflushopt, clwb, avx512_vbmi2, avx512_vbmi, hv, rdtscp, rdpid, fsrm, gfni, avx512_bitalg

Memory: 4k page, system-wide physical 7932M (1533M free)
TotalPageFile size 12126M (AvailPageFile size 77M)
current process WorkingSet (physical memory assigned to process): 11M, peak: 11M
current process commit charge ("private bytes"): 60M, peak: 184M

vm_info: Java HotSpot(TM) 64-Bit Server VM (19+36-2238) for windows-amd64 JRE (19+36-2238), built on 2022-08-12T20:29:01Z by "mach5one" with MS VC++ 17.1 (VS2022)

END.
